app/build/app/outputs/mapping/release/mapping.txt
# compiler: R8
# compiler_version: 1.5.64
# min_api: 21
# pg_map_id: 8bb96c1
...
io.flutter.plugin.editing.InputConnectionAdaptor -> b.a.b.b.b:
    io.flutter.plugin.editing.InputConnectionAdaptor$TextEditingValue mLastSentTextEditngValue -> l
    io.flutter.embedding.engine.systemchannels.TextInputChannel textInputChannel -> c
    io.flutter.plugin.editing.FlutterTextUtils flutterTextUtils -> i
    boolean isSamsung -> j
    android.view.inputmethod.EditorInfo mEditorInfo -> e
    boolean mRepeatCheckNeeded -> k
    android.view.View mFlutterView -> a
    int mBatchCount -> f
    android.view.inputmethod.InputMethodManager mImm -> g
    android.text.Editable mEditable -> d
    int mClient -> b
    android.text.Layout mLayout -> h
    int clampIndexToEditable(int,android.text.Editable) -> a
    void markDirty() -> a
    boolean isSamsung() -> b
    void updateEditingState() -> c
io.flutter.plugin.editing.InputConnectionAdaptor$TextEditingValue -> b.a.b.b.b$a:
    int composingEnd -> d
    int selectionEnd -> b
    int composingStart -> c
    java.lang.String text -> e
    int selectionStart -> a
io.flutter.plugin.editing.TextInputPlugin -> b.a.b.b.c:
    android.view.autofill.AutofillManager afm -> c
    boolean restartAlwaysRequired -> m
    boolean isInputConnectionLocked -> n
    io.flutter.plugin.editing.TextInputPlugin$InputTarget inputTarget -> e
    boolean mRestartInputPending -> i
    io.flutter.plugin.platform.PlatformViewsController platformViewsController -> k
    io.flutter.embedding.engine.systemchannels.TextInputChannel$Configuration configuration -> f
    android.view.inputmethod.InputConnection lastInputConnection -> j
    android.view.inputmethod.InputMethodManager mImm -> b
    io.flutter.embedding.engine.systemchannels.TextInputChannel textInputChannel -> d
    android.graphics.Rect lastClientRect -> l
    android.text.Editable mEditable -> h
    android.view.View mView -> a
    android.util.SparseArray mAutofillConfigurations -> g
    android.view.View access$000(io.flutter.plugin.editing.TextInputPlugin) -> a
    void access$100(io.flutter.plugin.editing.TextInputPlugin,android.view.View) -> a
    void access$400(io.flutter.plugin.editing.TextInputPlugin,int) -> a
    void access$500(io.flutter.plugin.editing.TextInputPlugin,double,double,double[]) -> a
    void applyStateToSelection(io.flutter.embedding.engine.systemchannels.TextInputChannel$TextEditState) -> a
    void autofill(android.util.SparseArray) -> a
    void clearPlatformViewClient(int) -> a
io.flutter.plugin.editing.TextInputPlugin$1 -> b.a.b.b.c$a:
    io.flutter.plugin.editing.TextInputPlugin this$0 -> a
    void requestAutofill() -> a
    void setClient(int,io.flutter.embedding.engine.systemchannels.TextInputChannel$Configuration) -> a
    void setEditableSizeAndTransform(double,double,double[]) -> a
    void setEditingState(io.flutter.embedding.engine.systemchannels.TextInputChannel$TextEditState) -> a
    void setPlatformViewClient(int) -> a
    void hide() -> b
    void clearClient() -> c
    void show() -> d
io.flutter.plugin.editing.TextInputPlugin$2 -> b.a.b.b.c$b:
    double[] val$matrix -> b
    double[] val$minMax -> c
    boolean val$isAffine -> a
    void inspect(double,double) -> a
io.flutter.plugin.editing.TextInputPlugin$InputTarget -> b.a.b.b.c$c:
    io.flutter.plugin.editing.TextInputPlugin$InputTarget$Type type -> a
    int id -> b
io.flutter.plugin.editing.TextInputPlugin$InputTarget$Type -> b.a.b.b.c$c$a:
    io.flutter.plugin.editing.TextInputPlugin$InputTarget$Type[] $VALUES -> d
    io.flutter.plugin.editing.TextInputPlugin$InputTarget$Type PLATFORM_VIEW -> c
    io.flutter.plugin.editing.TextInputPlugin$InputTarget$Type NO_TARGET -> a
    io.flutter.plugin.editing.TextInputPlugin$InputTarget$Type FRAMEWORK_CLIENT -> b
io.flutter.plugin.editing.TextInputPlugin$MinMax -> b.a.b.b.c$d:
    void inspect(double,double) -> a